<?xml version="1.0" encoding="UTF-8"?>
<!-- Generated by org.testng.reporters.JUnitReportReporter -->
<testsuite hostname="Esakki_Muthu" failures="0" tests="1" name="com.test.ui.cases.LoginTest" time="38.521" errors="0" timestamp="2022-12-23T17:54:59 IST" skipped="0">
  <testcase classname="com.test.ui.cases.LoginTest" name="runLoginTest" time="38.521"/>
  <system-out/>
</testsuite> <!-- com.test.ui.cases.LoginTest -->
