<?xml version="1.0" encoding="UTF-8"?>
<!-- Generated by org.testng.reporters.JUnitReportReporter -->
<testsuite hostname="Esakki_Muthu" failures="0" tests="1" name="com.test.ui.cases.EpayTest" time="23.301" errors="0" timestamp="2022-12-23T17:54:59 IST" skipped="0">
  <testcase classname="com.test.ui.cases.EpayTest" name="runLoginTest" time="23.301"/>
  <system-out/>
</testsuite> <!-- com.test.ui.cases.EpayTest -->
